<?xml version="1.0" encoding="UTF-8"?>
<testsuite name="com.bridgelabz.NIOFileAPITest" tests="1" skipped="0" failures="0" errors="0" timestamp="2022-09-18T19:20:04" hostname="DESKTOP-EBGTH1I" time="0.979">
  <properties/>
  <testcase name="givenPathWhenChecked_ThenConfirm()" classname="com.bridgelabz.NIOFileAPITest" time="0.979"/>
  <system-out><![CDATA[C:\Users\dell\TempPlayGround\temp1
C:\Users\dell\TempPlayGround\temp2
C:\Users\dell\TempPlayGround\temp3
C:\Users\dell\TempPlayGround\temp4
C:\Users\dell\TempPlayGround\temp5
C:\Users\dell\TempPlayGround\temp6
C:\Users\dell\TempPlayGround\temp7
C:\Users\dell\TempPlayGround\temp8
C:\Users\dell\TempPlayGround\temp9
C:\Users\dell\TempPlayGround\temp1
C:\Users\dell\TempPlayGround\temp2
C:\Users\dell\TempPlayGround\temp3
C:\Users\dell\TempPlayGround\temp4
C:\Users\dell\TempPlayGround\temp5
C:\Users\dell\TempPlayGround\temp6
C:\Users\dell\TempPlayGround\temp7
C:\Users\dell\TempPlayGround\temp8
C:\Users\dell\TempPlayGround\temp9
]]></system-out>
  <system-err><![CDATA[]]></system-err>
</testsuite>
